Validating found git in: git
Using git 2.9.5 from git
> git rev-parse --git-dir
Open repository: /home/syomkinyaroslav2
> git fetch
> git status -z -u
fatal: No remote repository specified.  Please, specify either a URL or a
remote name from which new revisions should be fetched.
> git symbolic-ref --short HEAD
> git for-each-ref --format=%(refname)%00%(upstream:short)%00%(objectname)%00%(upstream:track) refs/heads/master refs/remotes/master
> git for-each-ref --sort -committerdate --format %(refname) %(objectname) %(*objectname)
> git remote --verbose
> git config --get commit.template
> git check-ignore -v -z --stdin
> git show --textconv :docker-compose.yml
> git ls-files --stage -- /home/syomkinyaroslav2/docker-compose.yml
> git cat-file -s 2687f851094e8a9b3157f990302811d883e40572
> git check-ignore -v -z --stdin
> git fetch
fatal: No remote repository specified.  Please, specify either a URL or a
remote name from which new revisions should be fetched.
> git fetch
fatal: No remote repository specified.  Please, specify either a URL or a
remote name from which new revisions should be fetched.
