Validating found git in: git
Using git 1.8.3.1 from git
Opening repository for path='/home/syomkinyaroslav2' failed; ex=Failed to execute git {
  "exitCode": 128,
  "gitErrorCode": "NotAGitRepository",
  "gitCommand": "rev-parse",
  "stdout": "",
  "stderr": "fatal: Not a git repository (or any of the parent directories): .git\n"
}
> git rev-parse --git-dir
Open repository: /home/syomkinyaroslav2/html/reg
> git fetch
> git status -z -u
Opening repository for path='/home/syomkinyaroslav2/.bash_history' failed; ex=Error: spawn ENOTDIR
Opening repository for path='/home/syomkinyaroslav2/.bash_logout' failed; ex=Error: spawn ENOTDIR
Opening repository for path='/home/syomkinyaroslav2/.bash_profile' failed; ex=Error: spawn ENOTDIR
Opening repository for path='/home/syomkinyaroslav2/.bashrc' failed; ex=Error: spawn ENOTDIR
> git symbolic-ref --short HEAD
Opening repository for path='/home/syomkinyaroslav2/.pki' failed; ex=Failed to execute git {
  "exitCode": 128,
  "gitErrorCode": "NotAGitRepository",
  "gitCommand": "rev-parse",
  "stdout": "",
  "stderr": "fatal: Not a git repository (or any of the parent directories): .git\n"
}
Opening repository for path='/home/syomkinyaroslav2/.ssh' failed; ex=Failed to execute git {
  "exitCode": 128,
  "gitErrorCode": "NotAGitRepository",
  "gitCommand": "rev-parse",
  "stdout": "",
  "stderr": "fatal: Not a git repository (or any of the parent directories): .git\n"
}
> git for-each-ref --format=%(refname)%00%(upstream:short)%00%(objectname) refs/heads/master refs/remotes/master
Opening repository for path='/home/syomkinyaroslav2/.vscode-server' failed; ex=Failed to execute git {
  "exitCode": 128,
  "gitErrorCode": "NotAGitRepository",
  "gitCommand": "rev-parse",
  "stdout": "",
  "stderr": "fatal: Not a git repository (or any of the parent directories): .git\n"
}
Opening repository for path='/home/syomkinyaroslav2/Dockerfile' failed; ex=Error: spawn ENOTDIR
Opening repository for path='/home/syomkinyaroslav2/conf' failed; ex=Failed to execute git {
  "exitCode": 128,
  "gitErrorCode": "NotAGitRepository",
  "gitCommand": "rev-parse",
  "stdout": "",
  "stderr": "fatal: Not a git repository (or any of the parent directories): .git\n"
}
> git rev-list --left-right --count master...origin/master
Opening repository for path='/home/syomkinyaroslav2/data' failed; ex=Failed to execute git {
  "exitCode": 128,
  "gitErrorCode": "NotAGitRepository",
  "gitCommand": "rev-parse",
  "stdout": "",
  "stderr": "fatal: Not a git repository (or any of the parent directories): .git\n"
}
Opening repository for path='/home/syomkinyaroslav2/docker-compose.yml' failed; ex=Error: spawn ENOTDIR
> git for-each-ref --sort -committerdate --format %(refname) %(objectname) %(*objectname)
> git remote --verbose
Warning: Failed to watch ref '/home/syomkinyaroslav2/html/reg/.git/refs/remotes/origin/master', is most likely packed.
Opening repository for path='/home/syomkinyaroslav2/git-2.9.5' failed; ex=Failed to execute git {
  "exitCode": 128,
  "gitErrorCode": "NotAGitRepository",
  "gitCommand": "rev-parse",
  "stdout": "",
  "stderr": "fatal: Not a git repository (or any of the parent directories): .git\n"
}
Opening repository for path='/home/syomkinyaroslav2/git-2.9.5.tar.gz' failed; ex=Error: spawn ENOTDIR
> git config --get commit.template
Opening repository for path='/home/syomkinyaroslav2/html' failed; ex=Failed to execute git {
  "exitCode": 128,
  "gitErrorCode": "NotAGitRepository",
  "gitCommand": "rev-parse",
  "stdout": "",
  "stderr": "fatal: Not a git repository (or any of the parent directories): .git\n"
}
> git show --textconv :db.php
> git ls-files --stage -- /home/syomkinyaroslav2/html/reg/db.php
> git cat-file -s 7810e0dc737e6912bfd7607aa66eab8a8f07aeaf
> git status -z -u
> git symbolic-ref --short HEAD
> git check-ignore -v -z --stdin
> git for-each-ref --format=%(refname)%00%(upstream:short)%00%(objectname) refs/heads/master refs/remotes/master
> git rev-list --left-right --count master...origin/master
> git for-each-ref --sort -committerdate --format %(refname) %(objectname) %(*objectname)
> git remote --verbose
Warning: Failed to watch ref '/home/syomkinyaroslav2/html/reg/.git/refs/remotes/origin/master', is most likely packed.
> git config --get commit.template
> git ls-files --stage -- /home/syomkinyaroslav2/html/reg/db.php
> git cat-file -s 7810e0dc737e6912bfd7607aa66eab8a8f07aeaf
> git show --textconv :db.php
> git status -z -u
> git symbolic-ref --short HEAD
> git for-each-ref --format=%(refname)%00%(upstream:short)%00%(objectname) refs/heads/master refs/remotes/master
> git rev-list --left-right --count master...origin/master
> git for-each-ref --sort -committerdate --format %(refname) %(objectname) %(*objectname)
> git remote --verbose
Warning: Failed to watch ref '/home/syomkinyaroslav2/html/reg/.git/refs/remotes/origin/master', is most likely packed.
> git config --get commit.template
Opening repository for path='/home/syomkinyaroslav2' failed; ex=Failed to execute git {
  "exitCode": 128,
  "gitErrorCode": "NotAGitRepository",
  "gitCommand": "rev-parse",
  "stdout": "",
  "stderr": "fatal: Not a git repository (or any of the parent directories): .git\n"
}
